2021-02-11 08:51:23,613 (7f5803355f40) :  INFO (core:349) - Starting framework core - Version: 2.6.3, Build: 58bd20c (Sat Feb 06 19:28:51 UTC 2021)
2021-02-11 08:51:23,614 (7f5803355f40) :  DEBUG (core:361) - Using the elevated policy
2021-02-11 08:51:23,615 (7f5803355f40) :  DEBUG (core:365) - Extending whitelist: ['cgi', 'tempfile']
2021-02-11 08:51:23,616 (7f5803355f40) :  DEBUG (core:450) - Starting runtime component.
2021-02-11 08:51:23,620 (7f5803355f40) :  DEBUG (core:450) - Starting caching component.
2021-02-11 08:51:23,621 (7f5803355f40) :  DEBUG (core:450) - Starting data component.
2021-02-11 08:51:23,622 (7f5803355f40) :  DEBUG (core:450) - Starting networking component.
2021-02-11 08:51:23,625 (7f5803355f40) :  DEBUG (networking:261) - Loaded HTTP cookies
2021-02-11 08:51:23,629 (7f5803355f40) :  DEBUG (networking:428) - Setting the default network timeout to 20.0
2021-02-11 08:51:23,630 (7f5803355f40) :  DEBUG (core:450) - Starting localization component.
2021-02-11 08:51:23,631 (7f5803355f40) :  INFO (localization:409) - Setting the default locale to en-us
2021-02-11 08:51:23,632 (7f5803355f40) :  DEBUG (localization:427) - Loaded en strings
2021-02-11 08:51:23,634 (7f5803355f40) :  DEBUG (core:450) - Starting messaging component.
2021-02-11 08:51:23,640 (7f5803355f40) :  DEBUG (core:450) - Starting debugging component.
2021-02-11 08:51:23,642 (7f5803355f40) :  DEBUG (core:450) - Starting services component.
2021-02-11 08:51:23,643 (7f5803355f40) :  DEBUG (core:450) - Starting myplex component.
2021-02-11 08:51:23,644 (7f5803355f40) :  DEBUG (core:450) - Starting notifications component.
2021-02-11 08:51:23,764 (7f5803355f40) :  DEBUG (accessor:68) - Creating a new model access point for provider com.plexapp.system in namespace 'metadata'
2021-02-11 08:51:23,778 (7f57f4ff9700) :  DEBUG (services:265) - Plug-in is not daemonized - loading services from system
2021-02-11 08:51:23,779 (7f5803355f40) :  DEBUG (runtime:1117) - Created a thread named 'load_all_services'
2021-02-11 08:51:23,782 (7f57f4ff9700) :  DEBUG (networking:143) - Requesting 'http://127.0.0.1:32400/:/plugins/com.plexapp.system/messaging/function/X0J1bmRsZVNlcnZpY2U6QWxsU2VydmljZXM_/Y2VyZWFsMQoxCmxpc3QKMApyMAo_/Y2VyZWFsMQoxCmRpY3QKMApyMAo_'
2021-02-11 08:51:23,783 (7f5803355f40) :  DEBUG (runtime:1117) - Created a thread named 'get_server_info'
2021-02-11 08:51:23,785 (7f57d37fe700) :  DEBUG (networking:143) - Requesting 'http://127.0.0.1:32400'
2021-02-11 08:51:23,786 (7f5803355f40) :  DEBUG (core:150) - Finished starting framework core
2021-02-11 08:51:23,789 (7f5803355f40) :  DEBUG (core:560) - Loading plug-in code
2021-02-11 08:51:23,811 (7f5803355f40) :  DEBUG (core:566) - Finished loading plug-in code
2021-02-11 08:51:23,813 (7f5803355f40) :  DEBUG (runtime:640) - Adding a prefix handler for 'System' ('/system')
2021-02-11 08:51:24,831 (7f5803355f40) :  INFO (__init__:40) - Starting System 58bd20c (Sat Feb 06 19:28:51 UTC 2021)
2021-02-11 08:51:24,832 (7f5803355f40) :  DEBUG (runtime:640) - Adding a prefix handler for 'Player' ('/player')
2021-02-11 08:51:24,844 (7f5803355f40) :  INFO (datakit:93) - Loaded the dictionary file
2021-02-11 08:51:24,846 (7f5803355f40) :  DEBUG (agentservice:52) - Starting the agent service
2021-02-11 08:51:24,964 (7f5803355f40) :  DEBUG (accessor:68) - Creating a new model access point for provider com.plexapp.system in namespace 'metadata'
2021-02-11 08:51:24,974 (7f5803355f40) :  DEBUG (bundleservice:69) - Starting the bundle service
2021-02-11 08:51:24,978 (7f5803355f40) :  DEBUG (runtime:1117) - Created a thread named 'start'
2021-02-11 08:51:24,980 (7f5803355f40) :  DEBUG (helpservice:14) - Starting the help service
2021-02-11 08:51:24,980 (7f57d1ffb700) :  DEBUG (runtime:1117) - Created a thread named 'ensure_agent_info_exists_inner'
2021-02-11 08:51:24,981 (7f5803355f40) :  DEBUG (storeservice:198) - Starting the store service
2021-02-11 08:51:24,990 (7f57d1ffb700) :  DEBUG (runtime:1117) - Created a thread named 'ensure_agent_info_exists_inner'
2021-02-11 08:51:24,991 (7f5803355f40) :  DEBUG (runtime:1117) - Created a thread named 'start'
2021-02-11 08:51:24,992 (7f57d1ffb700) :  DEBUG (runtime:1117) - Created a thread named 'ensure_agent_info_exists_inner'
2021-02-11 08:51:24,993 (7f57d0ff9700) :  DEBUG (networking:143) - Requesting 'http://127.0.0.1:32400'
2021-02-11 08:51:24,996 (7f5803355f40) :  DEBUG (installservice:30) - Starting the install service
2021-02-11 08:51:24,999 (7f57d1ffb700) :  DEBUG (runtime:1117) - Created a thread named 'ensure_agent_info_exists_inner'
2021-02-11 08:51:25,003 (7f57d1ffb700) :  DEBUG (runtime:1117) - Created a thread named 'ensure_agent_info_exists_inner'
2021-02-11 08:51:25,006 (7f57d1ffb700) :  DEBUG (runtime:1117) - Created a thread named 'ensure_agent_info_exists_inner'
2021-02-11 08:51:25,008 (7f57d1ffb700) :  DEBUG (runtime:1117) - Created a thread named 'ensure_agent_info_exists_inner'
2021-02-11 08:51:25,014 (7f5803355f40) :  DEBUG (playerservice:12) - Starting the player service
2021-02-11 08:51:25,014 (7f57d1ffb700) :  DEBUG (runtime:1117) - Created a thread named 'ensure_agent_info_exists_inner'
2021-02-11 08:51:25,016 (7f5803355f40) :  DEBUG (flagservice:13) - Starting the media flag service
2021-02-11 08:51:25,018 (7f57d1ffb700) :  DEBUG (runtime:1117) - Created a thread named 'ensure_agent_info_exists_inner'
2021-02-11 08:51:25,019 (7f5803355f40) :  DEBUG (runtime:1117) - Created a thread named 'start'
2021-02-11 08:51:25,021 (7f5803355f40) :  DEBUG (peerservice:141) - Starting the peer service
2021-02-11 08:51:25,021 (7f57d1ffb700) :  DEBUG (runtime:1117) - Created a thread named 'ensure_agent_info_exists_inner'
2021-02-11 08:51:25,025 (7f5803355f40) :  DEBUG (runtime:1117) - Created a thread named 'refresh_servers'
2021-02-11 08:51:25,025 (7f57d17fa700) :  DEBUG (peerservice:164) - Fetching the current list of servers
2021-02-11 08:51:25,027 (7f57d1ffb700) :  DEBUG (runtime:1117) - Created a thread named 'ensure_agent_info_exists_inner'
2021-02-11 08:51:25,028 (7f5803355f40) :  DEBUG (runtime:1150) - Scheduled a timed thread named 'refresh_servers'
2021-02-11 08:51:25,031 (7f57d17fa700) :  DEBUG (networking:143) - Requesting 'http://127.0.0.1:32400/servers'
2021-02-11 08:51:25,033 (7f5803355f40) :  DEBUG (streamservice:18) - Starting the stream service
2021-02-11 08:51:25,034 (7f57d1ffb700) :  DEBUG (runtime:1117) - Created a thread named 'ensure_agent_info_exists_inner'
2021-02-11 08:51:25,037 (7f5803355f40) :  CRITICAL (runtime:709) - Private handlers are no longer supported; couldn't register <bound method StreamService.token_handler of <streamservice.StreamService object at 0x7f57f465e750>>
2021-02-11 08:51:25,040 (7f57d1ffb700) :  DEBUG (runtime:1117) - Created a thread named 'ensure_agent_info_exists_inner'
2021-02-11 08:51:25,041 (7f5803355f40) :  DEBUG (runtime:1150) - Scheduled a timed thread named 'invalidation_timer'
2021-02-11 08:51:25,044 (7f5803355f40) :  DEBUG (proxyservice:12) - Starting the proxy service
2021-02-11 08:51:25,043 (7f57d1ffb700) :  DEBUG (runtime:1117) - Created a thread named 'ensure_agent_info_exists_inner'
2021-02-11 08:51:25,049 (7f57d1ffb700) :  DEBUG (runtime:1117) - Created a thread named 'ensure_agent_info_exists_inner'
2021-02-11 08:51:25,050 (7f5803355f40) :  DEBUG (runtime:1117) - Created a thread named 'update_attribution_flags_inner'
2021-02-11 08:51:25,052 (7f5803355f40) :  INFO (core:611) - Started plug-in
2021-02-11 08:51:25,052 (7f57d1ffb700) :  DEBUG (runtime:1117) - Created a thread named 'ensure_agent_info_exists_inner'
2021-02-11 08:51:25,053 (7f5803355f40) :  DEBUG (socketinterface:160) - Starting socket server
2021-02-11 08:51:25,057 (7f5803355f40) :  DEBUG (runtime:1117) - Created a thread named 'start'
2021-02-11 08:51:25,059 (7f5803355f40) :  INFO (socketinterface:184) - Socket server started on port 44653
2021-02-11 08:51:25,061 (7f5803355f40) :  INFO (pipeinterface:25) - Entering run loop
2021-02-11 08:51:25,063 (7f5803355f40) :  DEBUG (runtime:717) - Handling request GET /:/prefixes
2021-02-11 08:51:25,068 (7f5803355f40) :  DEBUG (runtime:814) - Found route matching /:/prefixes
2021-02-11 08:51:25,071 (7f5803355f40) :  DEBUG (runtime:924) - Response: [200] MediaContainer, 486 bytes
2021-02-11 08:51:25,076 (7f57b97fa700) :  DEBUG (runtime:717) - Handling request GET /system/agents
2021-02-11 08:51:25,130 (7f57d0ff9700) :  DEBUG (core:521) - Attribute 'machineIdentifier' set to '889905743975cf19da5a8e628609bc084c065bee'
2021-02-11 08:51:25,131 (7f57d17fa700) :  DEBUG (peerservice:171) - Refreshing local server
2021-02-11 08:51:25,137 (7f57d17fa700) :  DEBUG (peerservice:189) - Updating servers (True/False True/True/True)
2021-02-11 08:51:25,136 (7f57b8ff9700) :  DEBUG (runtime:717) - Handling request GET /:/plugins/com.plexapp.system/messaging/function/X0J1bmRsZVNlcnZpY2U6QWxsU2VydmljZXM_/Y2VyZWFsMQoxCmxpc3QKMApyMAo_/Y2VyZWFsMQoxCmRpY3QKMApyMAo_
2021-02-11 08:51:25,134 (7f57d37fe700) :  DEBUG (core:538) - Machine identifier is 889905743975cf19da5a8e628609bc084c065bee
2021-02-11 08:51:25,139 (7f57d0ff9700) :  DEBUG (networking:143) - Requesting 'http://127.0.0.1:32400'
2021-02-11 08:51:25,140 (7f57d17fa700) :  DEBUG (peerservice:198) - Found 1 servers
2021-02-11 08:51:25,169 (7f57d17fa700) :  DEBUG (peerservice:230) - Creating new server 0c7e2dc65389 (889905743975cf19da5a8e628609bc084c065bee)
2021-02-11 08:51:25,164 (7f57d37fe700) :  DEBUG (core:539) - Server version is 1.21.3.4014-58bd20c02
2021-02-11 08:51:25,179 (7f57d17fa700) :  DEBUG (networking:143) - Requesting 'http://127.0.0.1:32400/library/sections'
2021-02-11 08:51:25,181 (7f57d0ff9700) :  DEBUG (core:521) - Attribute 'platformVersion' set to '4.19.121-linuxkit'
2021-02-11 08:51:25,189 (7f57d17fa700) :  DEBUG (networking:143) - Requesting 'http://127.0.0.1:32400/channels/all'
2021-02-11 08:51:25,220 (7f57d0ff9700) :  DEBUG (networking:143) - Requesting 'https://plugins.plex.tv/apps/all.json?frameworkVersion=2.6.3&machineIdentifier=889905743975cf19da5a8e628609bc084c065bee&os=Linux&osVersion=4.19.121-linuxkit&cpu=i386&serverVersion=1.21.3.4014-58bd20c02&systemRevision=58bd20c'
2021-02-11 08:51:25,235 (7f57d37fe700) :  DEBUG (peerservice:176) - Background-refreshing remote servers
2021-02-11 08:51:25,236 (7f57d17fa700) :  DEBUG (runtime:1117) - Created a thread named 'background_refresh'
2021-02-11 08:51:25,239 (7f57d37fe700) :  DEBUG (peerservice:189) - Updating servers (False/True True/True/True)
2021-02-11 08:51:25,245 (7f57d37fe700) :  DEBUG (peerservice:198) - Found 1 servers
2021-02-11 08:51:25,255 (7f57b97fa700) :  DEBUG (runtime:814) - Found route matching /system/agents
2021-02-11 08:51:25,268 (7f57b8ff9700) :  DEBUG (runtime:814) - Found route matching /:/plugins/com.plexapp.system/messaging/function/X0J1bmRsZVNlcnZpY2U6QWxsU2VydmljZXM_/Y2VyZWFsMQoxCmxpc3QKMApyMAo_/Y2VyZWFsMQoxCmRpY3QKMApyMAo_
2021-02-11 08:51:25,575 (7f57d1ffb700) :  DEBUG (runtime:1117) - Created a thread named 'remove_unavailable_agents'
2021-02-11 08:51:25,576 (7f57d1ffb700) :  DEBUG (bundleservice:85) - Started the bundle service
2021-02-11 08:51:25,582 (7f57bbfff700) :  DEBUG (flagservice:46) - Started the media flag service
2021-02-11 08:51:25,586 (7f57ba7fc700) :  INFO (agentservice:127) - Agent info: {'com.plexapp.agents.fanarttv': [{'media_types': ['Movie'], 'accepts_from': None, 'fallback_agent': None, 'contributes_to': ['com.plexapp.agents.imdb', 'com.plexapp.agents.themoviedb'], 'has_attribution': True, 'languages': ['xn'], 'persist_stored_files': True, 'version': 0, 'primary_provider': False, 'prefs': True, 'name': 'Fanart.tv'}, {'media_types': ['TV_Show'], 'accepts_from': None, 'fallback_agent': None, 'contributes_to': ['com.plexapp.agents.thetvdb', 'com.plexapp.agents.themoviedb'], 'has_attribution': True, 'languages': ['xn'], 'persist_stored_files': True, 'version': 0, 'primary_provider': False, 'prefs': True, 'name': 'Fanart.tv'}, {'media_types': ['Artist'], 'accepts_from': None, 'fallback_agent': None, 'contributes_to': ['com.plexapp.agents.lastfm'], 'has_attribution': True, 'languages': ['xn'], 'persist_stored_files': True, 'version': 0, 'primary_provider': False, 'prefs': True, 'name': 'Fanart.tv'}, {'media_types': ['Album'], 'accepts_from': None, 'fallback_agent': None, 'contributes_to': ['com.plexapp.agents.lastfm'], 'has_attribution': True, 'languages': ['xn'], 'persist_stored_files': True, 'version': 0, 'primary_provider': False, 'prefs': True, 'name': 'Fanart.tv'}], 'com.plexapp.agents.none': [{'media_types': ['Movie'], 'accepts_from': None, 'fallback_agent': None, 'contributes_to': None, 'has_attribution': False, 'languages': ['xn'], 'persist_stored_files': True, 'version': 0, 'primary_provider': True, 'prefs': False, 'name': 'Personal Media'}, {'media_types': ['TV_Show'], 'accepts_from': None, 'fallback_agent': None, 'contributes_to': None, 'has_attribution': False, 'languages': ['xn'], 'persist_stored_files': True, 'version': 0, 'primary_provider': True, 'prefs': False, 'name': 'Personal Media Shows'}, {'media_types': ['Artist'], 'accepts_from': None, 'fallback_agent': None, 'contributes_to': None, 'has_attribution': False, 'languages': ['xn'], 'persist_stored_files': True, 'version': 0, 'primary_provider': True, 'prefs': False, 'name': 'Personal Media Artists'}, {'media_types': ['Album'], 'accepts_from': None, 'fallback_agent': None, 'contributes_to': None, 'has_attribution': False, 'languages': ['xn'], 'persist_stored_files': True, 'version': 0, 'primary_provider': True, 'prefs': False, 'name': 'Personal Media Albums'}, {'media_types': ['Photo'], 'accepts_from': None, 'fallback_agent': None, 'contributes_to': None, 'has_attribution': False, 'languages': ['en', 'ar', 'bg', 'ca', 'cs', 'cy', 'da', 'de', 'el', 'es', 'et', 'fa', 'fi', 'fr', 'he', 'hi', 'hr', 'ht', 'hu', 'id', 'it', 'ja', 'ko', 'lt', 'lv', 'ms', 'mt', 'nl', 'no', 'pl', 'pt', 'ro', 'ru', 'sk', 'sv', 'sl', 'sr', 'th', 'tr', 'uk', 'ur', 'vi', 'zh', 'xn'], 'persist_stored_files': True, 'version': 0, 'primary_provider': True, 'prefs': False, 'name': 'Photos'}], 'tv.plex.agents.music': [{'media_types': ['Artist'], 'accepts_from': None, 'fallback_agent': None, 'contributes_to': ['com.plexapp.agents.localmedia'], 'has_attribution': True, 'languages': ['en', 'ar', 'bg', 'zh', 'hr', 'cs', 'da', 'nl', 'fi', 'fr', 'de', 'el', 'hu', 'id', 'it', 'ja', 'ko', 'nn', 'pl', 'pt', 'ro', 'ru', 'sr', 'sk', 'es', 'sv', 'th', 'tr', 'vi', 'xx'], 'persist_stored_files': True, 'version': 0, 'primary_provider': True, 'prefs': True, 'name': 'Plex Music'}, {'media_types': ['Album'], 'accepts_from': None, 'fallback_agent': None, 'contributes_to': ['com.plexapp.agents.localmedia'], 'has_attribution': True, 'languages': ['en', 'ar', 'bg', 'zh', 'hr', 'cs', 'da', 'nl', 'fi', 'fr', 'de', 'el', 'hu', 'id', 'it', 'ja', 'ko', 'nn', 'pl', 'pt', 'ro', 'ru', 'sr', 'sk', 'es', 'sv', 'th', 'tr', 'vi', 'xx'], 'persist_stored_files': True, 'version': 0, 'primary_provider': True, 'prefs': True, 'name': 'Plex Music'}], 'com.plexapp.agents.htbackdrops': [{'media_types': ['Artist'], 'accepts_from': None, 'fallback_agent': None, 'contributes_to': ['com.plexapp.agents.lastfm'], 'has_attribution': True, 'languages': ['ab', 'aa', 'af', 'ak', 'sq', 'am', 'ar', 'an', 'hy', 'as', 'av', 'ae', 'ay', 'az', 'bm', 'ba', 'eu', 'be', 'bn', 'bh', 'bi', 'bs', 'pb', 'br', 'bg', 'my', 'ca', 'ch', 'ce', 'ny', 'zh', 'cu', 'cv', 'kw', 'co', 'cr', 'hr', 'cs', 'da', 'dv', 'nl', 'dz', 'en', 'eo', 'et', 'ee', 'fo', 'fj', 'fi', 'fr', 'fy', 'ff', 'gd', 'gl', 'lg', 'ka', 'de', 'el', 'gn', 'gu', 'ht', 'ha', 'he', 'hz', 'hi', 'ho', 'hu', 'is', 'io', 'ig', 'id', 'ia', 'ie', 'iu', 'ik', 'ga', 'it', 'ja', 'jv', 'kl', 'kn', 'kr', 'ks', 'kk', 'km', 'ki', 'rw', 'ky', 'kv', 'kg', 'ko', 'kj', 'ku', 'lo', 'la', 'lv', 'li', 'ln', 'lt', 'lu', 'lb', 'mk', 'mg', 'ms', 'ml', 'mt', 'gv', 'mi', 'mr', 'mh', 'mo', 'mn', 'na', 'nv', 'ng', 'ne', 'xn', 'nd', 'no', 'nb', 'nn', 'oc', 'oj', 'or', 'om', 'os', 'pi', 'pa', 'fa', 'pl', 'pt', 'ps', 'qu', 'rm', 'ro', 'rn', 'ru', 'se', 'sm', 'sg', 'sa', 'sc', 'sr', 'sn', 'ii', 'sd', 'si', 'sk', 'sl', 'so', 'st', 'nr', 'es', 'su', 'sw', 'ss', 'sv', 'tl', 'ty', 'tg', 'ta', 'tt', 'te', 'th', 'bo', 'ti', 'to', 'ts', 'tn', 'tr', 'tk', 'tw', 'ug', 'uk', 'ur', 'uz', 've', 'vi', 'vo', 'wa', 'cy', 'wo', 'xh', 'yi', 'yo', 'za', 'zu'], 'persist_stored_files': True, 'version': 0, 'primary_provider': False, 'prefs': False, 'name': 'Home Theater Backdrops'}], 'com.plexapp.agents.imdb': [{'media_types': ['Movie'], 'accepts_from': ['com.plexapp.agents.localmedia'], 'fallback_agent': None, 'contributes_to': ['com.plexapp.agents.themoviedb'], 'has_attribution': True, 'languages': ['en', 'sv', 'fr', 'es', 'nl', 'de', 'it', 'da', 'ar', 'ca', 'zh', 'cs', 'et', 'fi', 'el', 'he', 'hi', 'hu', 'id', 'ja', 'ko', 'lv', 'no', 'fa', 'pl', 'pt', 'ro', 'ru', 'sk', 'th', 'tr', 'uk', 'vi'], 'persist_stored_files': True, 'version': 0, 'primary_provider': True, 'prefs': True, 'name': 'Plex Movie'}], 'com.plexapp.agents.lyricfind': [{'media_types': ['Album'], 'accepts_from': None, 'fallback_agent': None, 'contributes_to': ['com.plexapp.agents.lastfm', 'tv.plex.agents.music', 'org.musicbrainz.agents.music'], 'has_attribution': True, 'languages': ['xn'], 'persist_stored_files': True, 'version': 0, 'primary_provider': False, 'prefs': False, 'name': 'LyricFind'}], 'com.plexapp.agents.thetvdb': [{'media_types': ['TV_Show'], 'accepts_from': None, 'fallback_agent': None, 'contributes_to': None, 'has_attribution': True, 'languages': ['en', 'fr', 'zh', 'sv', 'no', 'da', 'fi', 'nl', 'de', 'it', 'es', 'pl', 'hu', 'el', 'tr', 'ru', 'he', 'ja', 'pt', 'cs', 'ko', 'sl', 'hr'], 'persist_stored_files': True, 'version': 0, 'primary_provider': True, 'prefs': True, 'name': 'TheTVDB'}], 'tv.plex.agents.movie': [{'media_types': ['Movie'], 'accepts_from': None, 'fallback_agent': None, 'contributes_to': None, 'has_attribution': True, 'languages': [], 'persist_stored_files': True, 'version': 0, 'primary_provider': True, 'prefs': True, 'name': 'Plex Movie'}], 'tv.plex.agents.series': [{'media_types': ['TV_Show'], 'accepts_from': None, 'fallback_agent': None, 'contributes_to': None, 'has_attribution': True, 'languages': [], 'persist_stored_files': True, 'version': 0, 'primary_provider': True, 'prefs': True, 'name': 'Plex TV Series'}], 'com.plexapp.agents.plexthememusic': [{'media_types': ['TV_Show'], 'accepts_from': None, 'fallback_agent': None, 'contributes_to': ['com.plexapp.agents.thetvdb', 'com.plexapp.agents.thetvdbdvdorder', 'com.plexapp.agents.themoviedb'], 'has_attribution': False, 'languages': ['xn'], 'persist_stored_files': True, 'version': 0, 'primary_provider': False, 'prefs': False, 'name': 'Plex Theme Music'}], 'org.musicbrainz.agents.music': [{'media_types': ['Artist'], 'accepts_from': None, 'fallback_agent': None, 'contributes_to': None, 'has_attribution': True, 'languages': ['en', 'ar', 'bg', 'zh', 'hr', 'cs', 'da', 'nl', 'fi', 'fr', 'de', 'el', 'hu', 'id', 'it', 'ja', 'ko', 'nn', 'pl', 'pt', 'ro', 'ru', 'sr', 'sk', 'es', 'sv', 'th', 'tr', 'vi', 'xx'], 'persist_stored_files': True, 'version': 0, 'primary_provider': True, 'prefs': True, 'name': 'Musicbrainz'}, {'media_types': ['Album'], 'accepts_from': None, 'fallback_agent': None, 'contributes_to': None, 'has_attribution': True, 'languages': ['en', 'ar', 'bg', 'zh', 'hr', 'cs', 'da', 'nl', 'fi', 'fr', 'de', 'el', 'hu', 'id', 'it', 'ja', 'ko', 'nn', 'pl', 'pt', 'ro', 'ru', 'sr', 'sk', 'es', 'sv', 'th', 'tr', 'vi', 'xx'], 'persist_stored_files': True, 'version': 0, 'primary_provider': True, 'prefs': True, 'name': 'Musicbrainz'}], 'com.plexapp.agents.themoviedb': [{'media_types': ['Movie'], 'accepts_from': ['com.plexapp.agents.localmedia'], 'fallback_agent': None, 'contributes_to': None, 'has_attribution': True, 'languages': ['en', 'cs', 'da', 'de', 'el', 'es', 'fi', 'fr', 'he', 'hr', 'hu', 'it', 'lv', 'lt', 'nl', 'no', 'pl', 'pt', 'ru', 'sk', 'sv', 'th', 'tr', 'vi', 'zh', 'ko'], 'persist_stored_files': True, 'version': 0, 'primary_provider': True, 'prefs': True, 'name': 'The Movie Database'}, {'media_types': ['TV_Show'], 'accepts_from': ['com.plexapp.agents.localmedia', 'com.plexapp.agents.thetvdb'], 'fallback_agent': None, 'contributes_to': ['com.plexapp.agents.thetvdb'], 'has_attribution': True, 'languages': ['en', 'cs', 'da', 'de', 'el', 'es', 'fi', 'fr', 'he', 'hr', 'hu', 'it', 'lv', 'lt', 'nl', 'no', 'pl', 'pt', 'ru', 'sk', 'sv', 'th', 'tr', 'vi', 'zh', 'ko'], 'persist_stored_files': True, 'version': 0, 'primary_provider': True, 'prefs': True, 'name': 'The Movie Database'}], 'com.plexapp.agents.localmedia': [{'media_types': ['Movie'], 'accepts_from': None, 'fallback_agent': None, 'contributes_to': ['com.plexapp.agents.imdb', 'com.plexapp.agents.none'], 'has_attribution': False, 'languages': ['xn'], 'persist_stored_files': False, 'version': 0, 'primary_provider': False, 'prefs': True, 'name': 'Local Media Assets (Movies)'}, {'media_types': ['TV_Show'], 'accepts_from': None, 'fallback_agent': None, 'contributes_to': ['com.plexapp.agents.thetvdb', 'com.plexapp.agents.none'], 'has_attribution': False, 'languages': ['xn'], 'persist_stored_files': False, 'version': 0, 'primary_provider': False, 'prefs': True, 'name': 'Local Media Assets (TV)'}, {'media_types': ['Artist'], 'accepts_from': None, 'fallback_agent': None, 'contributes_to': ['com.plexapp.agents.discogs', 'com.plexapp.agents.lastfm', 'com.plexapp.agents.plexmusic', 'com.plexapp.agents.none', 'tv.plex.agents.music', 'org.musicbrainz.agents.music'], 'has_attribution': False, 'languages': ['xn'], 'persist_stored_files': False, 'version': 0, 'primary_provider': False, 'prefs': True, 'name': 'Local Media Assets (Artists)'}, {'media_types': ['Artist'], 'accepts_from': None, 'fallback_agent': None, 'contributes_to': ['com.plexapp.agents.plexmusic'], 'has_attribution': False, 'languages': ['xn'], 'persist_stored_files': False, 'version': 2, 'primary_provider': False, 'prefs': True, 'name': 'Local Media Assets (Artists)'}, {'media_types': ['Album'], 'accepts_from': None, 'fallback_agent': None, 'contributes_to': ['com.plexapp.agents.discogs', 'com.plexapp.agents.lastfm', 'com.plexapp.agents.plexmusic', 'com.plexapp.agents.none', 'tv.plex.agents.music', 'org.musicbrainz.agents.music'], 'has_attribution': False, 'languages': ['xn'], 'persist_stored_files': False, 'version': 0, 'primary_provider': False, 'prefs': True, 'name': 'Local Media Assets (Albums)'}], 'com.plexapp.agents.movieposterdb': [{'media_types': ['Movie'], 'accepts_from': None, 'fallback_agent': None, 'contributes_to': ['com.plexapp.agents.imdb'], 'has_attribution': True, 'languages': ['xn'], 'persist_stored_files': True, 'version': 0, 'primary_provider': False, 'prefs': False, 'name': 'CineMaterial'}], 'com.plexapp.agents.opensubtitles': [{'media_types': ['Movie'], 'accepts_from': None, 'fallback_agent': None, 'contributes_to': ['com.plexapp.agents.imdb'], 'has_attribution': False, 'languages': ['xn'], 'persist_stored_files': True, 'version': 0, 'primary_provider': False, 'prefs': True, 'name': 'OpenSubtitles.org'}, {'media_types': ['TV_Show'], 'accepts_from': None, 'fallback_agent': None, 'contributes_to': ['com.plexapp.agents.thetvdb'], 'has_attribution': False, 'languages': ['xn'], 'persist_stored_files': True, 'version': 0, 'primary_provider': False, 'prefs': True, 'name': 'OpenSubtitles.org'}], 'com.plexapp.agents.lastfm': [{'media_types': ['Artist'], 'accepts_from': None, 'fallback_agent': None, 'contributes_to': None, 'has_attribution': True, 'languages': ['en', 'sv', 'fr', 'es', 'de', 'pl', 'it', 'pt', 'ja', 'tr', 'ru', 'zh'], 'persist_stored_files': True, 'version': 0, 'primary_provider': True, 'prefs': True, 'name': 'Last.fm'}, {'media_types': ['Album'], 'accepts_from': None, 'fallback_agent': None, 'contributes_to': None, 'has_attribution': True, 'languages': ['en', 'sv', 'fr', 'es', 'de', 'pl', 'it', 'pt', 'ja', 'tr', 'ru', 'zh'], 'persist_stored_files': True, 'version': 0, 'primary_provider': True, 'prefs': True, 'name': 'Last.fm'}]}
2021-02-11 08:51:25,640 (7f57b8ff9700) :  DEBUG (runtime:924) - Response: [200] str, 59954 bytes
2021-02-11 08:51:25,645 (7f57ba7fc700) :  INFO (datakit:131) - Saved the dictionary file
2021-02-11 08:51:25,696 (7f57b97fa700) :  DEBUG (runtime:924) - Response: [200] MediaContainer, 11288 bytes
2021-02-11 08:51:25,801 (7f57f4ff9700) :  DEBUG (services:362) - Loaded services
2021-02-11 08:51:25,805 (7f57d0ff9700) :  DEBUG (preferences:258) - Loaded preferences from DefaultPrefs.json
2021-02-11 08:51:25,810 (7f57d3fff700) :  DEBUG (services:438) - No shared code to load
2021-02-11 08:51:25,813 (7f57d0ff9700) :  DEBUG (preferences:178) - Loaded the user preferences for com.plexapp.system
2021-02-11 08:51:25,814 (7f57d0ff9700) :  INFO (storeservice:495) - No beta plugins.
2021-02-11 08:51:25,821 (7f57d0ff9700) :  INFO (storeservice:334) - Starting automatic update thread
2021-02-11 08:51:25,825 (7f57d0ff9700) :  DEBUG (runtime:1150) - Scheduled a timed thread named 'auto_update_thread'
2021-02-11 08:51:25,826 (7f57d0ff9700) :  DEBUG (storeservice:328) - Started the store service
2021-02-11 08:51:26,450 (7f57d0ff9700) :  DEBUG (runtime:717) - Handling request GET /system/messaging/clear_events/com.plexapp.agents.imdb
2021-02-11 08:51:26,495 (7f57d0ff9700) :  DEBUG (runtime:814) - Found route matching /system/messaging/clear_events/com.plexapp.agents.imdb
2021-02-11 08:51:26,497 (7f57d0ff9700) :  DEBUG (runtime:924) - Response: [200] str, 0 bytes
2021-02-11 08:51:26,580 (7f57d0ff9700) :  DEBUG (runtime:717) - Handling request GET /:/plugins/com.plexapp.system/resourceHashes
2021-02-11 08:51:26,582 (7f57d0ff9700) :  DEBUG (runtime:814) - Found route matching /:/plugins/com.plexapp.system/resourceHashes
2021-02-11 08:51:26,584 (7f57d0ff9700) :  DEBUG (networking:143) - Requesting 'http://resources-cdn.plexapp.com/hashes.json'
2021-02-11 08:51:26,688 (7f57d0ff9700) :  DEBUG (runtime:924) - Response: [200] str, 13276 bytes
2021-02-11 08:51:26,709 (7f57d0ff9700) :  DEBUG (runtime:717) - Handling request GET /:/plugins/com.plexapp.system/messaging/function/X0J1bmRsZVNlcnZpY2U6QWxsU2VydmljZXM_/Y2VyZWFsMQoxCmxpc3QKMApyMAo_/Y2VyZWFsMQoxCmRpY3QKMApyMAo_
2021-02-11 08:51:26,714 (7f57d0ff9700) :  DEBUG (runtime:814) - Found route matching /:/plugins/com.plexapp.system/messaging/function/X0J1bmRsZVNlcnZpY2U6QWxsU2VydmljZXM_/Y2VyZWFsMQoxCmxpc3QKMApyMAo_/Y2VyZWFsMQoxCmRpY3QKMApyMAo_
2021-02-11 08:51:26,735 (7f57d0ff9700) :  DEBUG (runtime:924) - Response: [200] str, 59954 bytes
2021-02-11 08:51:27,738 (7f57d0ff9700) :  DEBUG (runtime:717) - Handling request GET /:/plugins/com.plexapp.system/messaging/function/X0FnZW50U2VydmljZTpVcGRhdGVJbmZv/Y2VyZWFsMQoxCmxpc3QKMApyMAo_/Y2VyZWFsMQo3CmRpY3QKbGlzdApkaWN0Cmxpc3QKbGlzdApsaXN0Cmxpc3QKMgpzMjMKY29tLnBsZXhhcHAuYWdlbnRzLmltZGJzMTAKaWRlbnRpZmllcnIxCnMxMAphZ2VudF9pbmZvMQpyMgoxMApyMwpzMTEKbWVkaWFfdHlwZXNyNApzMTIKYWNjZXB0c19mcm9tbnMxNApmYWxsYmFja19hZ2VudHI1CnMxNApjb250cmlidXRlc190b3I2CnM5Cmxhbmd1YWdlc2IxczIwCnBlcnNpc3Rfc3RvcmVkX2ZpbGVzaTAKczcKdmVyc2lvbmIxczE2CnByaW1hcnlfcHJvdmlkZXJiMXM1CnByZWZzczEwClBsZXggTW92aWVzNApuYW1lMQpzNQpNb3ZpZTEKczI5CmNvbS5wbGV4YXBwLmFnZW50cy5sb2NhbG1lZGlhMQpzMjkKY29tLnBsZXhhcHAuYWdlbnRzLnRoZW1vdmllZGIzMwpzMgplbnMyCnN2czIKZnJzMgplc3MyCm5sczIKZGVzMgppdHMyCmRhczIKYXJzMgpjYXMyCnpoczIKY3NzMgpldHMyCmZpczIKZWxzMgpoZXMyCmhpczIKaHVzMgppZHMyCmphczIKa29zMgpsdnMyCm5vczIKZmFzMgpwbHMyCnB0czIKcm9zMgpydXMyCnNrczIKdGhzMgp0cnMyCnVrczIKdmlyMAo_
2021-02-11 08:51:27,740 (7f57d0ff9700) :  DEBUG (runtime:814) - Found route matching /:/plugins/com.plexapp.system/messaging/function/X0FnZW50U2VydmljZTpVcGRhdGVJbmZv/Y2VyZWFsMQoxCmxpc3QKMApyMAo_/Y2VyZWFsMQo3CmRpY3QKbGlzdApkaWN0Cmxpc3QKbGlzdApsaXN0Cmxpc3QKMgpzMjMKY29tLnBsZXhhcHAuYWdlbnRzLmltZGJzMTAKaWRlbnRpZmllcnIxCnMxMAphZ2VudF9pbmZvMQpyMgoxMApyMwpzMTEKbWVkaWFfdHlwZXNyNApzMTIKYWNjZXB0c19mcm9tbnMxNApmYWxsYmFja19hZ2VudHI1CnMxNApjb250cmlidXRlc190b3I2CnM5Cmxhbmd1YWdlc2IxczIwCnBlcnNpc3Rfc3RvcmVkX2ZpbGVzaTAKczcKdmVyc2lvbmIxczE2CnByaW1hcnlfcHJvdmlkZXJiMXM1CnByZWZzczEwClBsZXggTW92aWVzNApuYW1lMQpzNQpNb3ZpZTEKczI5CmNvbS5wbGV4YXBwLmFnZW50cy5sb2NhbG1lZGlhMQpzMjkKY29tLnBsZXhhcHAuYWdlbnRzLnRoZW1vdmllZGIzMwpzMgplbnMyCnN2czIKZnJzMgplc3MyCm5sczIKZGVzMgppdHMyCmRhczIKYXJzMgpjYXMyCnpoczIKY3NzMgpldHMyCmZpczIKZWxzMgpoZXMyCmhpczIKaHVzMgppZHMyCmphczIKa29zMgpsdnMyCm5vczIKZmFzMgpwbHMyCnB0czIKcm9zMgpydXMyCnNrczIKdGhzMgp0cnMyCnVrczIKdmlyMAo_
2021-02-11 08:51:27,742 (7f57d0ff9700) :  INFO (agentservice:173) - Receiving agent info from com.plexapp.agents.imdb: [{'media_types': ['Movie'], 'primary_provider': True, 'fallback_agent': None, 'contributes_to': ['com.plexapp.agents.themoviedb'], 'languages': ['en', 'sv', 'fr', 'es', 'nl', 'de', 'it', 'da', 'ar', 'ca', 'zh', 'cs', 'et', 'fi', 'el', 'he', 'hi', 'hu', 'id', 'ja', 'ko', 'lv', 'no', 'fa', 'pl', 'pt', 'ro', 'ru', 'sk', 'th', 'tr', 'uk', 'vi'], 'persist_stored_files': True, 'version': 0, 'accepts_from': ['com.plexapp.agents.localmedia'], 'prefs': True, 'name': 'Plex Movie'}]
2021-02-11 08:51:27,744 (7f57d0ff9700) :  DEBUG (runtime:924) - Response: [200] str, 16 bytes
2021-02-11 08:51:30,085 (7f57d0ff9700) :  DEBUG (runtime:717) - Handling request GET /system/notify/serverUpdated?host=172.21.0.3
2021-02-11 08:51:30,088 (7f57d0ff9700) :  DEBUG (runtime:814) - Found route matching /system/notify/serverUpdated
2021-02-11 08:51:30,090 (7f57d0ff9700) :  DEBUG (peerservice:386) - Handling server update notification (172.21.0.3)
2021-02-11 08:51:30,091 (7f57d0ff9700) :  DEBUG (peerservice:189) - Updating servers (False/False True/True/True)
2021-02-11 08:51:30,093 (7f57d0ff9700) :  DEBUG (peerservice:164) - Fetching the current list of servers
2021-02-11 08:51:30,096 (7f57d0ff9700) :  DEBUG (networking:143) - Requesting 'http://127.0.0.1:32400/servers'
2021-02-11 08:51:30,103 (7f57d0ff9700) :  DEBUG (peerservice:198) - Found 1 servers
2021-02-11 08:51:30,105 (7f57d0ff9700) :  DEBUG (peerservice:233) - Updating existing server 0c7e2dc65389 (889905743975cf19da5a8e628609bc084c065bee)
2021-02-11 08:51:30,108 (7f57d0ff9700) :  DEBUG (networking:143) - Requesting 'http://127.0.0.1:32400/library/sections'
2021-02-11 08:51:30,116 (7f57d0ff9700) :  DEBUG (networking:143) - Requesting 'http://127.0.0.1:32400/channels/all'
2021-02-11 08:51:30,125 (7f57d0ff9700) :  DEBUG (runtime:924) - Response: [200] str, 0 bytes
2021-02-11 08:51:30,618 (7f57bbfff700) :  INFO (datakit:131) - Saved the dictionary file
2021-02-11 08:52:04,119 (7f57b8ff9700) :  DEBUG (runtime:717) - Handling request GET /system/agents
2021-02-11 08:52:04,121 (7f57b8ff9700) :  DEBUG (runtime:814) - Found route matching /system/agents
2021-02-11 08:52:04,140 (7f57b8ff9700) :  DEBUG (runtime:924) - Response: [200] MediaContainer, 11288 bytes
2021-02-11 08:52:04,191 (7f57b8ff9700) :  DEBUG (runtime:717) - Handling request GET /system/appstore/updates
2021-02-11 08:52:04,204 (7f57b8ff9700) :  DEBUG (runtime:814) - Found route matching /system/appstore/updates
2021-02-11 08:52:04,248 (7f57b8ff9700) :  DEBUG (networking:143) - Requesting 'https://plugins.plex.tv/apps/all.json?frameworkVersion=2.6.3&machineIdentifier=889905743975cf19da5a8e628609bc084c065bee&os=Linux&osVersion=4.19.121-linuxkit&cpu=i386&serverVersion=1.21.3.4014-58bd20c02&systemRevision=58bd20c'
2021-02-11 08:52:04,387 (7f57b8ff9700) :  INFO (storeservice:495) - No beta plugins.
2021-02-11 08:52:04,396 (7f57b8ff9700) :  DEBUG (runtime:1117) - Created a thread named 'remove_unavailable_agents'
2021-02-11 08:52:04,406 (7f57b8ff9700) :  DEBUG (networking:143) - Requesting 'https://plugins.plex.tv/apps/all.json?frameworkVersion=2.6.3&machineIdentifier=889905743975cf19da5a8e628609bc084c065bee&os=Linux&osVersion=4.19.121-linuxkit&cpu=i386&serverVersion=1.21.3.4014-58bd20c02&systemRevision=58bd20c'
2021-02-11 08:52:04,468 (7f57b8ff9700) :  INFO (storeservice:495) - No beta plugins.
2021-02-11 08:52:04,474 (7f57b8ff9700) :  INFO (storeservice:531) - 'Services' plug-in [com.plexapp.system.services] is up to date (62fcf1f)
2021-02-11 08:52:04,476 (7f57b8ff9700) :  DEBUG (runtime:924) - Response: [200] MessageContainer, 143 bytes
2021-02-11 08:52:09,166 (7f57bbfff700) :  INFO (datakit:131) - Saved the dictionary file
2021-02-11 08:52:25,826 (7f57d3fff700) :  DEBUG (runtime:1156) - Starting timed thread named 'auto_update_thread'
2021-02-11 08:52:25,829 (7f57d3fff700) :  INFO (storeservice:356) - Starting automatic update check
2021-02-11 08:52:25,832 (7f57d3fff700) :  DEBUG (runtime:1117) - Created a thread named 'remove_unavailable_agents'
2021-02-11 08:52:25,868 (7f57d3fff700) :  DEBUG (networking:143) - Requesting 'https://plugins.plex.tv/apps/all.json?frameworkVersion=2.6.3&machineIdentifier=889905743975cf19da5a8e628609bc084c065bee&os=Linux&osVersion=4.19.121-linuxkit&cpu=i386&serverVersion=1.21.3.4014-58bd20c02&systemRevision=58bd20c'
2021-02-11 08:52:26,003 (7f57d3fff700) :  INFO (storeservice:495) - No beta plugins.
2021-02-11 08:52:26,009 (7f57d3fff700) :  INFO (storeservice:531) - 'Services' plug-in [com.plexapp.system.services] is up to date (62fcf1f)
2021-02-11 08:52:26,011 (7f57d3fff700) :  INFO (storeservice:362) - All plug-ins are up to date
2021-02-11 08:52:26,012 (7f57d3fff700) :  DEBUG (runtime:1150) - Scheduled a timed thread named 'auto_update_thread'
2021-02-11 08:52:30,862 (7f57b8ff9700) :  INFO (datakit:131) - Saved the dictionary file
2021-02-11 08:53:25,029 (7f57bb7fe700) :  DEBUG (runtime:1156) - Starting timed thread named 'refresh_servers'
2021-02-11 08:53:25,031 (7f57bb7fe700) :  DEBUG (peerservice:164) - Fetching the current list of servers
2021-02-11 08:53:25,034 (7f57bb7fe700) :  DEBUG (networking:143) - Requesting 'http://127.0.0.1:32400/servers'
2021-02-11 08:53:25,039 (7f57bb7fe700) :  DEBUG (peerservice:171) - Refreshing local server
2021-02-11 08:53:25,040 (7f57bb7fe700) :  DEBUG (peerservice:189) - Updating servers (True/False True/True/True)
2021-02-11 08:53:25,041 (7f57bb7fe700) :  DEBUG (peerservice:198) - Found 1 servers
2021-02-11 08:53:25,042 (7f57bb7fe700) :  DEBUG (peerservice:233) - Updating existing server 0c7e2dc65389 (889905743975cf19da5a8e628609bc084c065bee)
2021-02-11 08:53:25,045 (7f57bb7fe700) :  DEBUG (networking:143) - Requesting 'http://127.0.0.1:32400/library/sections'
2021-02-11 08:53:25,052 (7f57bb7fe700) :  DEBUG (networking:143) - Requesting 'http://127.0.0.1:32400/channels/all'
2021-02-11 08:53:25,058 (7f57b8ff9700) :  DEBUG (peerservice:176) - Background-refreshing remote servers
2021-02-11 08:53:25,059 (7f57b8ff9700) :  DEBUG (peerservice:189) - Updating servers (False/True True/True/True)
2021-02-11 08:53:25,058 (7f57bb7fe700) :  DEBUG (runtime:1117) - Created a thread named 'background_refresh'
2021-02-11 08:53:25,060 (7f57b8ff9700) :  DEBUG (peerservice:198) - Found 1 servers
