Feb 11, 2021 08:40:20.004 [0x7fd4e5c06700] INFO - Plex Tuner Service v1.0.0.0 - Docker Docker Container (LinuxServer.io) x86_64 - build: 
Feb 11, 2021 08:40:20.005 [0x7fd4e5c06700] INFO - Linux version: 4.19.121-linuxkit (#1 SMP Tue Dec 1 17:50:32 UTC 2020), language: en-US
Feb 11, 2021 08:40:20.007 [0x7fd4e5c06700] INFO - Processor        Intel(R) Core(TM) i7-3770T CPU @ 2.50GHz
Feb 11, 2021 08:40:20.008 [0x7fd4e5c06700] INFO - /usr/lib/plexmediaserver/Plex Tuner Service /usr/lib/plexmediaserver/Resources/Tuner/Private /usr/lib/plexmediaserver/Resources/Tuner/Shared 1.21.3.4014-58bd20c02 32600 /waitmutex
Feb 11, 2021 08:40:19.940 [0x7fd4e5ef4740] INFO - [I] broker_t::start...
Feb 11, 2021 08:40:19.945 [0x7fd4e5ef4740] INFO - [I] device_manager_t::init.
Feb 11, 2021 08:40:19.945 [0x7fd4e5ef4740] INFO - [I] device_manager_t::init. Initialize provider manager
Feb 11, 2021 08:40:19.945 [0x7fd4e5ef4740] INFO - [I] device_manager_t::init. Initialize all device auxes
Feb 11, 2021 08:40:19.945 [0x7fd4e5ef4740] INFO - [I] dvb_device_factory_t::get_aux_list
Feb 11, 2021 08:40:19.945 [0x7fd4e5ef4740] INFO - [I] tvbutler_aux_t::init
Feb 11, 2021 08:40:19.947 [0x7fd4e5ef4740] INFO - [I] web_server_t::start. Starting web server on port 32600
Feb 11, 2021 08:40:27.177 [0x7fd4dd7fa700] INFO - [I] web_service_t::process_device_discovery
Feb 11, 2021 08:40:27.177 [0x7fd4dd7fa700] INFO - [I] device_reactor_t::get_device_list ()
Feb 11, 2021 08:40:27.177 [0x7fd4dd7fa700] INFO - [I] dvb_device_factory_t::get_device_list ()
Feb 11, 2021 08:40:29.180 [0x7fd4dd7fa700] INFO - [I] SAT2IP - discover_satip_servers(): no servers found
Feb 11, 2021 08:40:29.600 [0x7fd4dd7fa700] INFO - [I] v4l::DeviceGetList_impl. getting v4l device list
Feb 11, 2021 08:40:29.602 [0x7fd4dd7fa700] INFO - [I] onetv_factory::DeviceGetListEx >>
Feb 11, 2021 08:40:29.602 [0x7fd4dd7fa700] WARN - [W] onetv_factory::DeviceGetListEx. libusb_init returned an error -99
Feb 11, 2021 08:43:42.127 [0x7fd4e5ef4740] INFO - [I] device_manager_t::term
Feb 11, 2021 08:43:42.127 [0x7fd4e5ef4740] INFO - [I] device_manager_t::term. Stop all devices
Feb 11, 2021 08:43:42.127 [0x7fd4e5ef4740] INFO - [I] device_manager_t::term. Shut down all device auxes
Feb 11, 2021 08:43:42.128 [0x7fd4e5ef4740] INFO - [I] tvbutler_aux_t::term
Feb 11, 2021 08:43:42.133 [0x7fd4e5ef4740] INFO - [I] web_server_t::stop. Web server is stopped
